# JRE version: Java(TM) SE Runtime Environment (8.0_144-b01) (build 1.8.0_144-b01)
# Java VM: Java HotSpot(TM) 64-Bit Server VM (25.144-b01 mixed mode windows-amd64 compressed oops)
Heap:
 PSYoungGen      total 155136K, used 122074K [0x00000000f5580000, 0x00000000ffd80000, 0x0000000100000000)
  eden space 139264K, 87% used [0x00000000f5580000,0x00000000fcc2d340,0x00000000fdd80000)
  from space 15872K, 3% used [0x00000000fee00000,0x00000000fee89578,0x00000000ffd80000)
  to   space 16384K, 0% used [0x00000000fdd80000,0x00000000fdd80000,0x00000000fed80000)
 ParOldGen       total 301568K, used 139618K [0x00000000e0000000, 0x00000000f2680000, 0x00000000f5580000)
  object space 301568K, 46% used [0x00000000e0000000,0x00000000e88589c0,0x00000000f2680000)
 Metaspace       used 41629K, capacity 42088K, committed 42624K, reserved 1087488K
  class space    used 5089K, capacity 5215K, committed 5248K, reserved 1048576K
GC Heap History (10 events):
Event: 50.110 GC heap before
{Heap before GC invocations=47 (full 3):
 PSYoungGen      total 149504K, used 128111K [0x00000000f5580000, 0x00000000ffe00000, 0x0000000100000000)
  eden space 127488K, 100% used [0x00000000f5580000,0x00000000fd200000,0x00000000fd200000)
  from space 22016K, 2% used [0x00000000fd200000,0x00000000fd29bf20,0x00000000fe780000)
  to   space 20992K, 0% used [0x00000000fe980000,0x00000000fe980000,0x00000000ffe00000)
 ParOldGen       total 301568K, used 139301K [0x00000000e0000000, 0x00000000f2680000, 0x00000000f5580000)
  object space 301568K, 46% used [0x00000000e0000000,0x00000000e8809798,0x00000000f2680000)
 Metaspace       used 39647K, capacity 40042K, committed 40448K, reserved 1085440K
  class space    used 4734K, capacity 4858K, committed 4864K, reserved 1048576K
Event: 50.112 GC heap after
Heap after GC invocations=47 (full 3):
 PSYoungGen      total 151552K, used 389K [0x00000000f5580000, 0x00000000ffd00000, 0x0000000100000000)
  eden space 131584K, 0% used [0x00000000f5580000,0x00000000f5580000,0x00000000fd600000)
  from space 19968K, 1% used [0x00000000fe980000,0x00000000fe9e1578,0x00000000ffd00000)
  to   space 19968K, 0% used [0x00000000fd600000,0x00000000fd600000,0x00000000fe980000)
 ParOldGen       total 301568K, used 139562K [0x00000000e0000000, 0x00000000f2680000, 0x00000000f5580000)
  object space 301568K, 46% used [0x00000000e0000000,0x00000000e884a9c0,0x00000000f2680000)
 Metaspace       used 39647K, capacity 40042K, committed 40448K, reserved 1085440K
  class space    used 4734K, capacity 4858K, committed 4864K, reserved 1048576K
}
Event: 50.214 GC heap before
{Heap before GC invocations=48 (full 3):
 PSYoungGen      total 151552K, used 131973K [0x00000000f5580000, 0x00000000ffd00000, 0x0000000100000000)
  eden space 131584K, 100% used [0x00000000f5580000,0x00000000fd600000,0x00000000fd600000)
  from space 19968K, 1% used [0x00000000fe980000,0x00000000fe9e1578,0x00000000ffd00000)
  to   space 19968K, 0% used [0x00000000fd600000,0x00000000fd600000,0x00000000fe980000)
 ParOldGen       total 301568K, used 139562K [0x00000000e0000000, 0x00000000f2680000, 0x00000000f5580000)
  object space 301568K, 46% used [0x00000000e0000000,0x00000000e884a9c0,0x00000000f2680000)
 Metaspace       used 39649K, capacity 40106K, committed 40448K, reserved 1085440K
  class space    used 4734K, capacity 4858K, committed 4864K, reserved 1048576K
Event: 50.216 GC heap after
Heap after GC invocations=48 (full 3):
 PSYoungGen      total 151552K, used 667K [0x00000000f5580000, 0x00000000ffe00000, 0x0000000100000000)
  eden space 131584K, 0% used [0x00000000f5580000,0x00000000f5580000,0x00000000fd600000)
  from space 19968K, 3% used [0x00000000fd600000,0x00000000fd6a6d60,0x00000000fe980000)
  to   space 18944K, 0% used [0x00000000feb80000,0x00000000feb80000,0x00000000ffe00000)
 ParOldGen       total 301568K, used 139586K [0x00000000e0000000, 0x00000000f2680000, 0x00000000f5580000)
  object space 301568K, 46% used [0x00000000e0000000,0x00000000e88509c0,0x00000000f2680000)
 Metaspace       used 39649K, capacity 40106K, committed 40448K, reserved 1085440K
  class space    used 4734K, capacity 4858K, committed 4864K, reserved 1048576K
}
Event: 50.433 GC heap before
{Heap before GC invocations=49 (full 3):
 PSYoungGen      total 151552K, used 132251K [0x00000000f5580000, 0x00000000ffe00000, 0x0000000100000000)
  eden space 131584K, 100% used [0x00000000f5580000,0x00000000fd600000,0x00000000fd600000)
  from space 19968K, 3% used [0x00000000fd600000,0x00000000fd6a6d60,0x00000000fe980000)
  to   space 18944K, 0% used [0x00000000feb80000,0x00000000feb80000,0x00000000ffe00000)
 ParOldGen       total 301568K, used 139586K [0x00000000e0000000, 0x00000000f2680000, 0x00000000f5580000)
  object space 301568K, 46% used [0x00000000e0000000,0x00000000e88509c0,0x00000000f2680000)
 Metaspace       used 39649K, capacity 40106K, committed 40448K, reserved 1085440K
  class space    used 4734K, capacity 4858K, committed 4864K, reserved 1048576K
Event: 50.434 GC heap after
Heap after GC invocations=49 (full 3):
 PSYoungGen      total 153600K, used 613K [0x00000000f5580000, 0x00000000ffd00000, 0x0000000100000000)
  eden space 135680K, 0% used [0x00000000f5580000,0x00000000f5580000,0x00000000fda00000)
  from space 17920K, 3% used [0x00000000feb80000,0x00000000fec19598,0x00000000ffd00000)
  to   space 17920K, 0% used [0x00000000fda00000,0x00000000fda00000,0x00000000feb80000)
 ParOldGen       total 301568K, used 139618K [0x00000000e0000000, 0x00000000f2680000, 0x00000000f5580000)
  object space 301568K, 46% used [0x00000000e0000000,0x00000000e88589c0,0x00000000f2680000)
 Metaspace       used 39649K, capacity 40106K, committed 40448K, reserved 1085440K
  class space    used 4734K, capacity 4858K, committed 4864K, reserved 1048576K
}
Event: 50.904 GC heap before
{Heap before GC invocations=50 (full 3):
 PSYoungGen      total 153600K, used 136293K [0x00000000f5580000, 0x00000000ffd00000, 0x0000000100000000)
  eden space 135680K, 100% used [0x00000000f5580000,0x00000000fda00000,0x00000000fda00000)
  from space 17920K, 3% used [0x00000000feb80000,0x00000000fec19598,0x00000000ffd00000)
  to   space 17920K, 0% used [0x00000000fda00000,0x00000000fda00000,0x00000000feb80000)
 ParOldGen       total 301568K, used 139618K [0x00000000e0000000, 0x00000000f2680000, 0x00000000f5580000)
  object space 301568K, 46% used [0x00000000e0000000,0x00000000e88589c0,0x00000000f2680000)
 Metaspace       used 39649K, capacity 40106K, committed 40448K, reserved 1085440K
  class space    used 4734K, capacity 4858K, committed 4864K, reserved 1048576K
Event: 50.905 GC heap after
Heap after GC invocations=50 (full 3):
 PSYoungGen      total 153600K, used 421K [0x00000000f5580000, 0x00000000fff00000, 0x0000000100000000)
  eden space 135680K, 0% used [0x00000000f5580000,0x00000000f5580000,0x00000000fda00000)
  from space 17920K, 2% used [0x00000000fda00000,0x00000000fda69578,0x00000000feb80000)
  to   space 17408K, 0% used [0x00000000fee00000,0x00000000fee00000,0x00000000fff00000)
 ParOldGen       total 301568K, used 139618K [0x00000000e0000000, 0x00000000f2680000, 0x00000000f5580000)
  object space 301568K, 46% used [0x00000000e0000000,0x00000000e88589c0,0x00000000f2680000)
 Metaspace       used 39649K, capacity 40106K, committed 40448K, reserved 1085440K
  class space    used 4734K, capacity 4858K, committed 4864K, reserved 1048576K
}
Event: 50.997 GC heap before
{Heap before GC invocations=51 (full 3):
 PSYoungGen      total 153600K, used 136101K [0x00000000f5580000, 0x00000000fff00000, 0x0000000100000000)
  eden space 135680K, 100% used [0x00000000f5580000,0x00000000fda00000,0x00000000fda00000)
  from space 17920K, 2% used [0x00000000fda00000,0x00000000fda69578,0x00000000feb80000)
  to   space 17408K, 0% used [0x00000000fee00000,0x00000000fee00000,0x00000000fff00000)
 ParOldGen       total 301568K, used 139618K [0x00000000e0000000, 0x00000000f2680000, 0x00000000f5580000)
  object space 301568K, 46% used [0x00000000e0000000,0x00000000e88589c0,0x00000000f2680000)
 Metaspace       used 39649K, capacity 40106K, committed 40448K, reserved 1085440K
  class space    used 4734K, capacity 4858K, committed 4864K, reserved 1048576K
Event: 50.998 GC heap after
Heap after GC invocations=51 (full 3):
 PSYoungGen      total 155136K, used 549K [0x00000000f5580000, 0x00000000ffd80000, 0x0000000100000000)
  eden space 139264K, 0% used [0x00000000f5580000,0x00000000f5580000,0x00000000fdd80000)
  from space 15872K, 3% used [0x00000000fee00000,0x00000000fee89578,0x00000000ffd80000)
  to   space 16384K, 0% used [0x00000000fdd80000,0x00000000fdd80000,0x00000000fed80000)
 ParOldGen       total 301568K, used 139618K [0x00000000e0000000, 0x00000000f2680000, 0x00000000f5580000)
  object space 301568K, 46% used [0x00000000e0000000,0x00000000e88589c0,0x00000000f2680000)
 Metaspace       used 39649K, capacity 40106K, committed 40448K, reserved 1085440K
  class space    used 4734K, capacity 4858K, committed 4864K, reserved 1048576K
}

